-------------------------------------------------------------------------------
Test set: fr.univrouen.iataaaserver.services.util.ReverseRulesTest
-------------------------------------------------------------------------------
Tests run: 29, Failures: 1, Errors: 0, Skipped: 0, Time elapsed: 0.573 sec <<< FAILURE! - in fr.univrouen.iataaaserver.services.util.ReverseRulesTest
getAvailableMovesQueen1(fr.univrouen.iataaaserver.services.util.ReverseRulesTest)  Time elapsed: 0.406 sec  <<< FAILURE!
java.lang.AssertionError: 
Expecting:
  <[[ ,
     ,
     ,
     ,
     ,
     ,
     ,
     ,
     ,
     ,
     ,
     ,
     ,
     ,
     ,
    x,
    o,
    x,
     ,
     ,
     ,
     ,
     ,
     ,
     ,
    X,
     ,
     ,
     ,
     ,
     ,
     ,
     ,
     ,
     ,
     ,
     ,
     ,
     ,
    o,
     ,
     ,
     ,
     ,
     ,
     ,
     ,
     ,
     ,
     ],
    [ ,
     ,
     ,
     ,
     ,
     ,
     ,
     ,
     ,
     ,
     ,
     ,
     ,
     ,
     ,
    x,
    o,
     ,
    x,
     ,
     ,
     ,
     ,
     ,
     ,
    X,
     ,
     ,
     ,
     ,
     ,
     ,
     ,
     ,
     ,
     ,
     ,
     ,
     ,
    o,
     ,
     ,
     ,
     ,
     ,
     ,
     ,
     ,
     ,
     ],
    [ ,
     ,
     ,
     ,
     ,
     ,
     ,
     ,
     ,
     ,
     ,
     ,
     ,
    x,
     ,
     ,
    o,
     ,
     ,
     ,
    x,
     ,
     ,
     ,
     ,
    X,
     ,
     ,
     ,
     ,
     ,
     ,
     ,
     ,
     ,
     ,
     ,
     ,
     ,
    o,
     ,
     ,
     ,
     ,
     ,
     ,
     ,
     ,
     ,
     ],
    [ ,
     ,
     ,
     ,
     ,
     ,
     ,
     ,
     ,
     ,
     ,
     ,
     ,
    x,
     ,
     ,
    o,
     ,
     ,
     ,
     ,
    x,
     ,
     ,
     ,
    X,
     ,
     ,
     ,
     ,
     ,
     ,
     ,
     ,
     ,
     ,
     ,
     ,
     ,
    o,
     ,
     ,
     ,
     ,
     ,
     ,
     ,
     ,
     ,
     ],
    [ ,
     ,
     ,
     ,
     ,
    X,
     ,
     ,
     ,
     ,
     ,
     ,
     ,
     ,
     ,
     ,
    x,
    o,
     ,
     ,
     ,
     ,
     ,
     ,
     ,
     ,
     ,
     ,
     ,
     ,
     ,
     ,
     ,
     ,
     ,
     ,
     ,
     ,
     ,
     ,
     ,
     ,
     ,
     ,
     ,
     ,
     ,
     ,
     ,
     ],
    [ ,
     ,
     ,
     ,
     ,
     ,
     ,
     ,
     ,
     ,
     ,
    X,
     ,
     ,
     ,
     ,
    x,
    o,
     ,
     ,
     ,
     ,
     ,
     ,
     ,
     ,
     ,
     ,
     ,
     ,
     ,
     ,
     ,
     ,
     ,
     ,
     ,
     ,
     ,
     ,
     ,
     ,
     ,
     ,
     ,
     ,
     ,
     ,
     ,
     ],
    [X,
     ,
     ,
     ,
     ,
     ,
     ,
     ,
     ,
     ,
     ,
     ,
     ,
     ,
     ,
     ,
     ,
    o,
     ,
     ,
     ,
    x,
     ,
     ,
     ,
     ,
     ,
     ,
     ,
     ,
     ,
     ,
     ,
     ,
     ,
     ,
     ,
     ,
     ,
     ,
     ,
     ,
     ,
     ,
     ,
     ,
     ,
     ,
     ,
     ],
    [X,
     ,
     ,
     ,
     ,
     ,
     ,
     ,
     ,
     ,
     ,
     ,
     ,
     ,
     ,
     ,
     ,
    o,
     ,
     ,
     ,
     ,
    x,
     ,
     ,
     ,
     ,
     ,
     ,
     ,
     ,
     ,
     ,
     ,
     ,
     ,
     ,
     ,
     ,
     ,
     ,
     ,
     ,
     ,
     ,
     ,
     ,
     ,
     ,
     ]]>
to contain only:
  <[[ ,
     ,
     ,
     ,
     ,
    X,
     ,
     ,
     ,
     ,
     ,
     ,
     ,
     ,
     ,
     ,
    x,
    o,
     ,
     ,
     ,
     ,
     ,
     ,
     ,
     ,
     ,
     ,
     ,
     ,
     ,
     ,
     ,
     ,
     ,
     ,
     ,
     ,
     ,
     ,
     ,
     ,
     ,
     ,
     ,
     ,
     ,
     ,
     ,
     ],
    [ ,
     ,
     ,
     ,
     ,
     ,
     ,
     ,
     ,
     ,
     ,
    X,
     ,
     ,
     ,
     ,
    x,
    o,
     ,
     ,
     ,
     ,
     ,
     ,
     ,
     ,
     ,
     ,
     ,
     ,
     ,
     ,
     ,
     ,
     ,
     ,
     ,
     ,
     ,
     ,
     ,
     ,
     ,
     ,
     ,
     ,
     ,
     ,
     ,
     ],
    [X,
     ,
     ,
     ,
     ,
     ,
     ,
     ,
     ,
     ,
     ,
     ,
     ,
     ,
     ,
     ,
     ,
    o,
     ,
     ,
     ,
    x,
     ,
     ,
     ,
     ,
     ,
     ,
     ,
     ,
     ,
     ,
     ,
     ,
     ,
     ,
     ,
     ,
     ,
     ,
     ,
     ,
     ,
     ,
     ,
     ,
     ,
     ,
     ,
     ],
    [X,
     ,
     ,
     ,
     ,
     ,
     ,
     ,
     ,
     ,
     ,
     ,
     ,
     ,
     ,
     ,
     ,
    o,
     ,
     ,
     ,
     ,
    x,
     ,
     ,
     ,
     ,
     ,
     ,
     ,
     ,
     ,
     ,
     ,
     ,
     ,
     ,
     ,
     ,
     ,
     ,
     ,
     ,
     ,
     ,
     ,
     ,
     ,
     ,
     ]]>
but the following elements were unexpected:
  <[[ ,
     ,
     ,
     ,
     ,
     ,
     ,
     ,
     ,
     ,
     ,
     ,
     ,
     ,
     ,
    x,
    o,
    x,
     ,
     ,
     ,
     ,
     ,
     ,
     ,
    X,
     ,
     ,
     ,
     ,
     ,
     ,
     ,
     ,
     ,
     ,
     ,
     ,
     ,
    o,
     ,
     ,
     ,
     ,
     ,
     ,
     ,
     ,
     ,
     ],
    [ ,
     ,
     ,
     ,
     ,
     ,
     ,
     ,
     ,
     ,
     ,
     ,
     ,
     ,
     ,
    x,
    o,
     ,
    x,
     ,
     ,
     ,
     ,
     ,
     ,
    X,
     ,
     ,
     ,
     ,
     ,
     ,
     ,
     ,
     ,
     ,
     ,
     ,
     ,
    o,
     ,
     ,
     ,
     ,
     ,
     ,
     ,
     ,
     ,
     ],
    [ ,
     ,
     ,
     ,
     ,
     ,
     ,
     ,
     ,
     ,
     ,
     ,
     ,
    x,
     ,
     ,
    o,
     ,
     ,
     ,
    x,
     ,
     ,
     ,
     ,
    X,
     ,
     ,
     ,
     ,
     ,
     ,
     ,
     ,
     ,
     ,
     ,
     ,
     ,
    o,
     ,
     ,
     ,
     ,
     ,
     ,
     ,
     ,
     ,
     ],
    [ ,
     ,
     ,
     ,
     ,
     ,
     ,
     ,
     ,
     ,
     ,
     ,
     ,
    x,
     ,
     ,
    o,
     ,
     ,
     ,
     ,
    x,
     ,
     ,
     ,
    X,
     ,
     ,
     ,
     ,
     ,
     ,
     ,
     ,
     ,
     ,
     ,
     ,
     ,
    o,
     ,
     ,
     ,
     ,
     ,
     ,
     ,
     ,
     ,
     ]]>

	at fr.univrouen.iataaaserver.services.util.ReverseRulesTest.getAvailableMovesQueen1(ReverseRulesTest.java:245)

