<?xml version="1.0" encoding="UTF-8"?>
<testsuite name="fr.univrouen.iataaaserver.services.util.ReverseRulesTest" time="0.52" tests="29" errors="0" skipped="0" failures="1">
  <properties>
[...]
</properties>
  <testcase name="getAvailableMovesQueen1" classname="fr.univrouen.iataaaserver.services.util.ReverseRulesTest" time="0.406">
    <failure message="&#10;Expecting:&#10;  &lt;[[ ,&#10;     ,&#10;     ,&#10;     ,&#10;     ,&#10;     ,&#10;     ,&#10;     ,&#10;     ,&#10;     ,&#10;     ,&#10;     ,&#10;     ,&#10;     ,&#10;     ,&#10;    x,&#10;    o,&#10;    x,&#10;     ,&#10;     ,&#10;     ,&#10;     ,&#10;     ,&#10;     ,&#10;     ,&#10;    X,&#10;     ,&#10;     ,&#10;     ,&#10;     ,&#10;     ,&#10;     ,&#10;     ,&#10;     ,&#10;     ,&#10;     ,&#10;     ,&#10;     ,&#10;     ,&#10;    o,&#10;     ,&#10;     ,&#10;     ,&#10;     ,&#10;     ,&#10;     ,&#10;     ,&#10;     ,&#10;     ,&#10;     ],&#10;    [ ,&#10;     ,&#10;     ,&#10;     ,&#10;     ,&#10;     ,&#10;     ,&#10;     ,&#10;     ,&#10;     ,&#10;     ,&#10;     ,&#10;     ,&#10;     ,&#10;     ,&#10;    x,&#10;    o,&#10;     ,&#10;    x,&#10;     ,&#10;     ,&#10;     ,&#10;     ,&#10;     ,&#10;     ,&#10;    X,&#10;     ,&#10;     ,&#10;     ,&#10;     ,&#10;     ,&#10;     ,&#10;     ,&#10;     ,&#10;     ,&#10;     ,&#10;     ,&#10;     ,&#10;     ,&#10;    o,&#10;     ,&#10;     ,&#10;     ,&#10;     ,&#10;     ,&#10;     ,&#10;     ,&#10;     ,&#10;     ,&#10;     ],&#10;    [ ,&#10;     ,&#10;     ,&#10;     ,&#10;     ,&#10;     ,&#10;     ,&#10;     ,&#10;     ,&#10;     ,&#10;     ,&#10;     ,&#10;     ,&#10;    x,&#10;     ,&#10;     ,&#10;    o,&#10;     ,&#10;     ,&#10;     ,&#10;    x,&#10;     ,&#10;     ,&#10;     ,&#10;     ,&#10;    X,&#10;     ,&#10;     ,&#10;     ,&#10;     ,&#10;     ,&#10;     ,&#10;     ,&#10;     ,&#10;     ,&#10;     ,&#10;     ,&#10;     ,&#10;     ,&#10;    o,&#10;     ,&#10;     ,&#10;     ,&#10;     ,&#10;     ,&#10;     ,&#10;     ,&#10;     ,&#10;     ,&#10;     ],&#10;    [ ,&#10;     ,&#10;     ,&#10;     ,&#10;     ,&#10;     ,&#10;     ,&#10;     ,&#10;     ,&#10;     ,&#10;     ,&#10;     ,&#10;     ,&#10;    x,&#10;     ,&#10;     ,&#10;    o,&#10;     ,&#10;     ,&#10;     ,&#10;     ,&#10;    x,&#10;     ,&#10;     ,&#10;     ,&#10;    X,&#10;     ,&#10;     ,&#10;     ,&#10;     ,&#10;     ,&#10;     ,&#10;     ,&#10;     ,&#10;     ,&#10;     ,&#10;     ,&#10;     ,&#10;     ,&#10;    o,&#10;     ,&#10;     ,&#10;     ,&#10;     ,&#10;     ,&#10;     ,&#10;     ,&#10;     ,&#10;     ,&#10;     ],&#10;    [ ,&#10;     ,&#10;     ,&#10;     ,&#10;     ,&#10;    X,&#10;     ,&#10;     ,&#10;     ,&#10;     ,&#10;     ,&#10;     ,&#10;     ,&#10;     ,&#10;     ,&#10;     ,&#10;    x,&#10;    o,&#10;     ,&#10;     ,&#10;     ,&#10;     ,&#10;     ,&#10;     ,&#10;     ,&#10;     ,&#10;     ,&#10;     ,&#10;     ,&#10;     ,&#10;     ,&#10;     ,&#10;     ,&#10;     ,&#10;     ,&#10;     ,&#10;     ,&#10;     ,&#10;     ,&#10;     ,&#10;     ,&#10;     ,&#10;     ,&#10;     ,&#10;     ,&#10;     ,&#10;     ,&#10;     ,&#10;     ,&#10;     ],&#10;    [ ,&#10;     ,&#10;     ,&#10;     ,&#10;     ,&#10;     ,&#10;     ,&#10;     ,&#10;     ,&#10;     ,&#10;     ,&#10;    X,&#10;     ,&#10;     ,&#10;     ,&#10;     ,&#10;    x,&#10;    o,&#10;     ,&#10;     ,&#10;     ,&#10;     ,&#10;     ,&#10;     ,&#10;     ,&#10;     ,&#10;     ,&#10;     ,&#10;     ,&#10;     ,&#10;     ,&#10;     ,&#10;     ,&#10;     ,&#10;     ,&#10;     ,&#10;     ,&#10;     ,&#10;     ,&#10;     ,&#10;     ,&#10;     ,&#10;     ,&#10;     ,&#10;     ,&#10;     ,&#10;     ,&#10;     ,&#10;     ,&#10;     ],&#10;    [X,&#10;     ,&#10;     ,&#10;     ,&#10;     ,&#10;     ,&#10;     ,&#10;     ,&#10;     ,&#10;     ,&#10;     ,&#10;     ,&#10;     ,&#10;     ,&#10;     ,&#10;     ,&#10;     ,&#10;    o,&#10;     ,&#10;     ,&#10;     ,&#10;    x,&#10;     ,&#10;     ,&#10;     ,&#10;     ,&#10;     ,&#10;     ,&#10;     ,&#10;     ,&#10;     ,&#10;     ,&#10;     ,&#10;     ,&#10;     ,&#10;     ,&#10;     ,&#10;     ,&#10;     ,&#10;     ,&#10;     ,&#10;     ,&#10;     ,&#10;     ,&#10;     ,&#10;     ,&#10;     ,&#10;     ,&#10;     ,&#10;     ],&#10;    [X,&#10;     ,&#10;     ,&#10;     ,&#10;     ,&#10;     ,&#10;     ,&#10;     ,&#10;     ,&#10;     ,&#10;     ,&#10;     ,&#10;     ,&#10;     ,&#10;     ,&#10;     ,&#10;     ,&#10;    o,&#10;     ,&#10;     ,&#10;     ,&#10;     ,&#10;    x,&#10;     ,&#10;     ,&#10;     ,&#10;     ,&#10;     ,&#10;     ,&#10;     ,&#10;     ,&#10;     ,&#10;     ,&#10;     ,&#10;     ,&#10;     ,&#10;     ,&#10;     ,&#10;     ,&#10;     ,&#10;     ,&#10;     ,&#10;     ,&#10;     ,&#10;     ,&#10;     ,&#10;     ,&#10;     ,&#10;     ,&#10;     ]]&gt;&#10;to contain only:&#10;  &lt;[[ ,&#10;     ,&#10;     ,&#10;     ,&#10;     ,&#10;    X,&#10;     ,&#10;     ,&#10;     ,&#10;     ,&#10;     ,&#10;     ,&#10;     ,&#10;     ,&#10;     ,&#10;     ,&#10;    x,&#10;    o,&#10;     ,&#10;     ,&#10;     ,&#10;     ,&#10;     ,&#10;     ,&#10;     ,&#10;     ,&#10;     ,&#10;     ,&#10;     ,&#10;     ,&#10;     ,&#10;     ,&#10;     ,&#10;     ,&#10;     ,&#10;     ,&#10;     ,&#10;     ,&#10;     ,&#10;     ,&#10;     ,&#10;     ,&#10;     ,&#10;     ,&#10;     ,&#10;     ,&#10;     ,&#10;     ,&#10;     ,&#10;     ],&#10;    [ ,&#10;     ,&#10;     ,&#10;     ,&#10;     ,&#10;     ,&#10;     ,&#10;     ,&#10;     ,&#10;     ,&#10;     ,&#10;    X,&#10;     ,&#10;     ,&#10;     ,&#10;     ,&#10;    x,&#10;    o,&#10;     ,&#10;     ,&#10;     ,&#10;     ,&#10;     ,&#10;     ,&#10;     ,&#10;     ,&#10;     ,&#10;     ,&#10;     ,&#10;     ,&#10;     ,&#10;     ,&#10;     ,&#10;     ,&#10;     ,&#10;     ,&#10;     ,&#10;     ,&#10;     ,&#10;     ,&#10;     ,&#10;     ,&#10;     ,&#10;     ,&#10;     ,&#10;     ,&#10;     ,&#10;     ,&#10;     ,&#10;     ],&#10;    [X,&#10;     ,&#10;     ,&#10;     ,&#10;     ,&#10;     ,&#10;     ,&#10;     ,&#10;     ,&#10;     ,&#10;     ,&#10;     ,&#10;     ,&#10;     ,&#10;     ,&#10;     ,&#10;     ,&#10;    o,&#10;     ,&#10;     ,&#10;     ,&#10;    x,&#10;     ,&#10;     ,&#10;     ,&#10;     ,&#10;     ,&#10;     ,&#10;     ,&#10;     ,&#10;     ,&#10;     ,&#10;     ,&#10;     ,&#10;     ,&#10;     ,&#10;     ,&#10;     ,&#10;     ,&#10;     ,&#10;     ,&#10;     ,&#10;     ,&#10;     ,&#10;     ,&#10;     ,&#10;     ,&#10;     ,&#10;     ,&#10;     ],&#10;    [X,&#10;     ,&#10;     ,&#10;     ,&#10;     ,&#10;     ,&#10;     ,&#10;     ,&#10;     ,&#10;     ,&#10;     ,&#10;     ,&#10;     ,&#10;     ,&#10;     ,&#10;     ,&#10;     ,&#10;    o,&#10;     ,&#10;     ,&#10;     ,&#10;     ,&#10;    x,&#10;     ,&#10;     ,&#10;     ,&#10;     ,&#10;     ,&#10;     ,&#10;     ,&#10;     ,&#10;     ,&#10;     ,&#10;     ,&#10;     ,&#10;     ,&#10;     ,&#10;     ,&#10;     ,&#10;     ,&#10;     ,&#10;     ,&#10;     ,&#10;     ,&#10;     ,&#10;     ,&#10;     ,&#10;     ,&#10;     ,&#10;     ]]&gt;&#10;but the following elements were unexpected:&#10;  &lt;[[ ,&#10;     ,&#10;     ,&#10;     ,&#10;     ,&#10;     ,&#10;     ,&#10;     ,&#10;     ,&#10;     ,&#10;     ,&#10;     ,&#10;     ,&#10;     ,&#10;     ,&#10;    x,&#10;    o,&#10;    x,&#10;     ,&#10;     ,&#10;     ,&#10;     ,&#10;     ,&#10;     ,&#10;     ,&#10;    X,&#10;     ,&#10;     ,&#10;     ,&#10;     ,&#10;     ,&#10;     ,&#10;     ,&#10;     ,&#10;     ,&#10;     ,&#10;     ,&#10;     ,&#10;     ,&#10;    o,&#10;     ,&#10;     ,&#10;     ,&#10;     ,&#10;     ,&#10;     ,&#10;     ,&#10;     ,&#10;     ,&#10;     ],&#10;    [ ,&#10;     ,&#10;     ,&#10;     ,&#10;     ,&#10;     ,&#10;     ,&#10;     ,&#10;     ,&#10;     ,&#10;     ,&#10;     ,&#10;     ,&#10;     ,&#10;     ,&#10;    x,&#10;    o,&#10;     ,&#10;    x,&#10;     ,&#10;     ,&#10;     ,&#10;     ,&#10;     ,&#10;     ,&#10;    X,&#10;     ,&#10;     ,&#10;     ,&#10;     ,&#10;     ,&#10;     ,&#10;     ,&#10;     ,&#10;     ,&#10;     ,&#10;     ,&#10;     ,&#10;     ,&#10;    o,&#10;     ,&#10;     ,&#10;     ,&#10;     ,&#10;     ,&#10;     ,&#10;     ,&#10;     ,&#10;     ,&#10;     ],&#10;    [ ,&#10;     ,&#10;     ,&#10;     ,&#10;     ,&#10;     ,&#10;     ,&#10;     ,&#10;     ,&#10;     ,&#10;     ,&#10;     ,&#10;     ,&#10;    x,&#10;     ,&#10;     ,&#10;    o,&#10;     ,&#10;     ,&#10;     ,&#10;    x,&#10;     ,&#10;     ,&#10;     ,&#10;     ,&#10;    X,&#10;     ,&#10;     ,&#10;     ,&#10;     ,&#10;     ,&#10;     ,&#10;     ,&#10;     ,&#10;     ,&#10;     ,&#10;     ,&#10;     ,&#10;     ,&#10;    o,&#10;     ,&#10;     ,&#10;     ,&#10;     ,&#10;     ,&#10;     ,&#10;     ,&#10;     ,&#10;     ,&#10;     ],&#10;    [ ,&#10;     ,&#10;     ,&#10;     ,&#10;     ,&#10;     ,&#10;     ,&#10;     ,&#10;     ,&#10;     ,&#10;     ,&#10;     ,&#10;     ,&#10;    x,&#10;     ,&#10;     ,&#10;    o,&#10;     ,&#10;     ,&#10;     ,&#10;     ,&#10;    x,&#10;     ,&#10;     ,&#10;     ,&#10;    X,&#10;     ,&#10;     ,&#10;     ,&#10;     ,&#10;     ,&#10;     ,&#10;     ,&#10;     ,&#10;     ,&#10;     ,&#10;     ,&#10;     ,&#10;     ,&#10;    o,&#10;     ,&#10;     ,&#10;     ,&#10;     ,&#10;     ,&#10;     ,&#10;     ,&#10;     ,&#10;     ,&#10;     ]]&gt;&#10;" type="java.lang.AssertionError">java.lang.AssertionError: Expecting:  &lt;[[ ,     ,     ,     ,     ,     ,     ,     ,     ,     ,     ,     ,     ,     ,     ,    x,    o,    x,     ,     ,     ,     ,     ,     ,     ,    X,     ,     ,     ,     ,     ,     ,     ,     ,     ,     ,     ,     ,     ,    o,     ,     ,     ,     ,     ,     ,     ,     ,     ,     ],    [ ,     ,     ,     ,     ,     ,     ,     ,     ,     ,     ,     ,     ,     ,     ,    x,    o,     ,    x,     ,     ,     ,     ,     ,     ,    X,     ,     ,     ,     ,     ,     ,     ,     ,     ,     ,     ,     ,     ,    o,     ,     ,     ,     ,     ,     ,     ,     ,     ,     ],    [ ,     ,     ,     ,     ,     ,     ,     ,     ,     ,     ,     ,     ,    x,     ,     ,    o,     ,     ,     ,    x,     ,     ,     ,     ,    X,     ,     ,     ,     ,     ,     ,     ,     ,     ,     ,     ,     ,     ,    o,     ,     ,     ,     ,     ,     ,     ,     ,     ,     ],    [ ,     ,     ,     ,     ,     ,     ,     ,     ,     ,     ,     ,     ,    x,     ,     ,    o,     ,     ,     ,     ,    x,     ,     ,     ,    X,     ,     ,     ,     ,     ,     ,     ,     ,     ,     ,     ,     ,     ,    o,     ,     ,     ,     ,     ,     ,     ,     ,     ,     ],    [ ,     ,     ,     ,     ,    X,     ,     ,     ,     ,     ,     ,     ,     ,     ,     ,    x,    o,     ,     ,     ,     ,     ,     ,     ,     ,     ,     ,     ,     ,     ,     ,     ,     ,     ,     ,     ,     ,     ,     ,     ,     ,     ,     ,     ,     ,     ,     ,     ,     ],    [ ,     ,     ,     ,     ,     ,     ,     ,     ,     ,     ,    X,     ,     ,     ,     ,    x,    o,     ,     ,     ,     ,     ,     ,     ,     ,     ,     ,     ,     ,     ,     ,     ,     ,     ,     ,     ,     ,     ,     ,     ,     ,     ,     ,     ,     ,     ,     ,     ,     ],    [X,     ,     ,     ,     ,     ,     ,     ,     ,     ,     ,     ,     ,     ,     ,     ,     ,    o,     ,     ,     ,    x,     ,     ,     ,     ,     ,     ,     ,     ,     ,     ,     ,     ,     ,     ,     ,     ,     ,     ,     ,     ,     ,     ,     ,     ,     ,     ,     ,     ],    [X,     ,     ,     ,     ,     ,     ,     ,     ,     ,     ,     ,     ,     ,     ,     ,     ,    o,     ,     ,     ,     ,    x,     ,     ,     ,     ,     ,     ,     ,     ,     ,     ,     ,     ,     ,     ,     ,     ,     ,     ,     ,     ,     ,     ,     ,     ,     ,     ,     ]]&gt;to contain only:  &lt;[[ ,     ,     ,     ,     ,    X,     ,     ,     ,     ,     ,     ,     ,     ,     ,     ,    x,    o,     ,     ,     ,     ,     ,     ,     ,     ,     ,     ,     ,     ,     ,     ,     ,     ,     ,     ,     ,     ,     ,     ,     ,     ,     ,     ,     ,     ,     ,     ,     ,     ],    [ ,     ,     ,     ,     ,     ,     ,     ,     ,     ,     ,    X,     ,     ,     ,     ,    x,    o,     ,     ,     ,     ,     ,     ,     ,     ,     ,     ,     ,     ,     ,     ,     ,     ,     ,     ,     ,     ,     ,     ,     ,     ,     ,     ,     ,     ,     ,     ,     ,     ],    [X,     ,     ,     ,     ,     ,     ,     ,     ,     ,     ,     ,     ,     ,     ,     ,     ,    o,     ,     ,     ,    x,     ,     ,     ,     ,     ,     ,     ,     ,     ,     ,     ,     ,     ,     ,     ,     ,     ,     ,     ,     ,     ,     ,     ,     ,     ,     ,     ,     ],    [X,     ,     ,     ,     ,     ,     ,     ,     ,     ,     ,     ,     ,     ,     ,     ,     ,    o,     ,     ,     ,     ,    x,     ,     ,     ,     ,     ,     ,     ,     ,     ,     ,     ,     ,     ,     ,     ,     ,     ,     ,     ,     ,     ,     ,     ,     ,     ,     ,     ]]&gt;but the following elements were unexpected:  &lt;[[ ,     ,     ,     ,     ,     ,     ,     ,     ,     ,     ,     ,     ,     ,     ,    x,    o,    x,     ,     ,     ,     ,     ,     ,     ,    X,     ,     ,     ,     ,     ,     ,     ,     ,     ,     ,     ,     ,     ,    o,     ,     ,     ,     ,     ,     ,     ,     ,     ,     ],    [ ,     ,     ,     ,     ,     ,     ,     ,     ,     ,     ,     ,     ,     ,     ,    x,    o,     ,    x,     ,     ,     ,     ,     ,     ,    X,     ,     ,     ,     ,     ,     ,     ,     ,     ,     ,     ,     ,     ,    o,     ,     ,     ,     ,     ,     ,     ,     ,     ,     ],    [ ,     ,     ,     ,     ,     ,     ,     ,     ,     ,     ,     ,     ,    x,     ,     ,    o,     ,     ,     ,    x,     ,     ,     ,     ,    X,     ,     ,     ,     ,     ,     ,     ,     ,     ,     ,     ,     ,     ,    o,     ,     ,     ,     ,     ,     ,     ,     ,     ,     ],    [ ,     ,     ,     ,     ,     ,     ,     ,     ,     ,     ,     ,     ,    x,     ,     ,    o,     ,     ,     ,     ,    x,     ,     ,     ,    X,     ,     ,     ,     ,     ,     ,     ,     ,     ,     ,     ,     ,     ,    o,     ,     ,     ,     ,     ,     ,     ,     ,     ,     ]]&gt;	at fr.univrouen.iataaaserver.services.util.ReverseRulesTest.getAvailableMovesQueen1(ReverseRulesTest.java:245)</failure>
  </testcase>
  <testcase name="getAvailableMovesQueen2" classname="fr.univrouen.iataaaserver.services.util.ReverseRulesTest" time="0.009"/>
  <testcase name="getAvailableMovesQueen3" classname="fr.univrouen.iataaaserver.services.util.ReverseRulesTest" time="0.002"/>
  <testcase name="getAvailableMovesTo1JumpForP2" classname="fr.univrouen.iataaaserver.services.util.ReverseRulesTest" time="0.001"/>
  <testcase name="getTopRightCornerPositionAfterJumpTest1" classname="fr.univrouen.iataaaserver.services.util.ReverseRulesTest" time="0.034"/>
  <testcase name="getTopRightCornerPositionAfterJumpTest2" classname="fr.univrouen.iataaaserver.services.util.ReverseRulesTest" time="0"/>
  <testcase name="getAllBottomLeftCornerPositionTest" classname="fr.univrouen.iataaaserver.services.util.ReverseRulesTest" time="0.001"/>
  <testcase name="getAllBottomRightCornerPositionTest" classname="fr.univrouen.iataaaserver.services.util.ReverseRulesTest" time="0.001"/>
  <testcase name="getAvailableMovesCaseJump1With2Choices" classname="fr.univrouen.iataaaserver.services.util.ReverseRulesTest" time="0"/>
  <testcase name="getAllBottomRightCornerPositionReturnEmptyTest" classname="fr.univrouen.iataaaserver.services.util.ReverseRulesTest" time="0.011"/>
  <testcase name="getAllTopRightCornerPositionTest" classname="fr.univrouen.iataaaserver.services.util.ReverseRulesTest" time="0.001"/>
  <testcase name="getTopLeftCornerPositionAfterJumpTest1" classname="fr.univrouen.iataaaserver.services.util.ReverseRulesTest" time="0"/>
  <testcase name="getTopLeftCornerPositionAfterJumpTest2" classname="fr.univrouen.iataaaserver.services.util.ReverseRulesTest" time="0.001"/>
  <testcase name="getAvailableMovesForP2" classname="fr.univrouen.iataaaserver.services.util.ReverseRulesTest" time="0.008"/>
  <testcase name="getAvailableMovesStart" classname="fr.univrouen.iataaaserver.services.util.ReverseRulesTest" time="0.004"/>
  <testcase name="getBottomLeftCornerPositionAfterJumpTest1" classname="fr.univrouen.iataaaserver.services.util.ReverseRulesTest" time="0.007"/>
  <testcase name="getBottomLeftCornerPositionAfterJumpTest2" classname="fr.univrouen.iataaaserver.services.util.ReverseRulesTest" time="0"/>
  <testcase name="getBottomRightCornerPositionAfterJumpTest1" classname="fr.univrouen.iataaaserver.services.util.ReverseRulesTest" time="0.001"/>
  <testcase name="getBottomRightCornerPositionAfterJumpTest2" classname="fr.univrouen.iataaaserver.services.util.ReverseRulesTest" time="0.001"/>
  <testcase name="getAvailableMovesQueenJump6ForP2" classname="fr.univrouen.iataaaserver.services.util.ReverseRulesTest" time="0.004"/>
  <testcase name="reverseCases1" classname="fr.univrouen.iataaaserver.services.util.ReverseRulesTest" time="0.008"/>
  <testcase name="getAvailableMovesQueenJump1" classname="fr.univrouen.iataaaserver.services.util.ReverseRulesTest" time="0.004"/>
  <testcase name="getAvailableMovesQueenJump3" classname="fr.univrouen.iataaaserver.services.util.ReverseRulesTest" time="0.001"/>
  <testcase name="getAvailableMovesQueenJump4" classname="fr.univrouen.iataaaserver.services.util.ReverseRulesTest" time="0.003"/>
  <testcase name="getAvailableMovesQueenJump5" classname="fr.univrouen.iataaaserver.services.util.ReverseRulesTest" time="0.004"/>
  <testcase name="getAvailableMovesQueenJump6" classname="fr.univrouen.iataaaserver.services.util.ReverseRulesTest" time="0.005"/>
  <testcase name="getAvailableMovesCaseJump1" classname="fr.univrouen.iataaaserver.services.util.ReverseRulesTest" time="0"/>
  <testcase name="getAvailableMovesCaseJump2" classname="fr.univrouen.iataaaserver.services.util.ReverseRulesTest" time="0.001"/>
  <testcase name="getAvailableMovesCaseJump3" classname="fr.univrouen.iataaaserver.services.util.ReverseRulesTest" time="0.002"/>
</testsuite>